<?xml version="1.0" encoding="UTF-8"?>
<testng-results ignored="2" total="3" passed="1" failed="0" skipped="0">
  <reporter-output>
  </reporter-output>
  <suite started-at="2024-10-08T15:55:56 IST" name="Default suite" finished-at="2024-10-08T15:56:28 IST" duration-ms="31429">
    <groups>
    </groups>
    <test started-at="2024-10-08T15:55:56 IST" name="Default test" finished-at="2024-10-08T15:56:28 IST" duration-ms="31429">
      <class name="Testscases.tendableTest">
        <test-method is-config="true" signature="driverInstance()[pri:0, instance:Testscases.tendableTest@51c668e3]" started-at="2024-10-08T15:55:56 IST" name="driverInstance" finished-at="2024-10-08T15:56:04 IST" duration-ms="7349" status="PASS">
          <reporter-output>
          </reporter-output>
        </test-method> <!-- driverInstance -->
        <test-method signature="verifyRequestDemoButtonPresentAndActive()[pri:0, instance:Testscases.tendableTest@51c668e3]" started-at="2024-10-08T15:56:04 IST" name="verifyRequestDemoButtonPresentAndActive" finished-at="2024-10-08T15:56:28 IST" duration-ms="23780" status="PASS">
          <reporter-output>
          </reporter-output>
        </test-method> <!-- verifyRequestDemoButtonPresentAndActive -->
        <test-method is-config="true" signature="teardown()[pri:0, instance:Testscases.tendableTest@51c668e3]" started-at="2024-10-08T15:56:28 IST" name="teardown" finished-at="2024-10-08T15:56:28 IST" duration-ms="283" status="PASS">
          <reporter-output>
          </reporter-output>
        </test-method> <!-- teardown -->
      </class> <!-- Testscases.tendableTest -->
    </test> <!-- Default test -->
  </suite> <!-- Default suite -->
</testng-results>
