<?xml version="1.0" encoding="UTF-8"?>
<!-- Generated by org.testng.reporters.JUnitXMLReporter -->
<testsuite ignored="2" hostname="Priyanka" failures="0" tests="1" name="Default test" time="31.429" errors="0" timestamp="2024-10-08T15:56:28 IST">
  <testcase classname="Testscases.tendableTest" name="verifyRequestDemoButtonPresentAndActive" time="23.78"/>
  <testcase classname="Testscases.tendableTest" name="submitForm" time="0.0">
    <ignored/>
  </testcase> <!-- submitForm -->
  <testcase classname="Testscases.tendableTest" name="verifyAccessibilityOfTopLevelMenus" time="0.0">
    <ignored/>
  </testcase> <!-- verifyAccessibilityOfTopLevelMenus -->
</testsuite> <!-- Default test -->
